  Bones.cpp
C:\Users\josed\Documents\GitHub\ProyectoCGA\CGALib\include\Headers\Bones.h(111,38): warning C4251: 'Bones::m_BoneMapping': class 'std::map<std::string,unsigned int,std::less<std::string>,std::allocator<std::pair<const std::string,unsigned int>>>' necesita tener una interfaz DLL para que la utilicen los clientes de class 'Bones'
C:\Users\josed\Documents\GitHub\ProyectoCGA\CGALib\include\Headers\Bones.h(111): message : vea la declaración de 'std::map<std::string,unsigned int,std::less<std::string>,std::allocator<std::pair<const std::string,unsigned int>>>'
C:\Users\josed\Documents\GitHub\ProyectoCGA\CGALib\include\Headers\Bones.h(112,24): warning C4251: 'Bones::m_BoneInfo': class 'std::vector<Bones::BoneInfo,std::allocator<Bones::BoneInfo>>' necesita tener una interfaz DLL para que la utilicen los clientes de class 'Bones'
C:\Users\josed\Documents\GitHub\ProyectoCGA\CGALib\include\Headers\Bones.h(112): message : vea la declaración de 'std::vector<Bones::BoneInfo,std::allocator<Bones::BoneInfo>>'
C:\Users\josed\Documents\GitHub\ProyectoCGA\CGALib\include\Headers\Bones.h(113,30): warning C4251: 'Bones::bones': class 'std::vector<Bones::VertexBoneData,std::allocator<Bones::VertexBoneData>>' necesita tener una interfaz DLL para que la utilicen los clientes de class 'Bones'
C:\Users\josed\Documents\GitHub\ProyectoCGA\CGALib\include\Headers\Bones.h(113): message : vea la declaración de 'std::vector<Bones::VertexBoneData,std::allocator<Bones::VertexBoneData>>'
C:\Users\josed\Documents\GitHub\ProyectoCGA\CGALib\src\Bones.cpp(88,29): warning C4018: '<': no coinciden signed/unsigned
  Box.cpp
C:\Users\josed\Documents\GitHub\ProyectoCGA\CGALib\include\Headers\AbstractModel.h(264,12): warning C4251: 'AbstractModel::position': struct 'glm::vec<3,float,glm::packed_highp>' necesita tener una interfaz DLL para que la utilicen los clientes de class 'AbstractModel'
C:\Users\josed\Documents\GitHub\ProyectoCGA\external\glm\glm\fwd.hpp(418): message : vea la declaración de 'glm::vec<3,float,glm::packed_highp>'
C:\Users\josed\Documents\GitHub\ProyectoCGA\CGALib\include\Headers\AbstractModel.h(265,12): warning C4251: 'AbstractModel::scale': struct 'glm::vec<3,float,glm::packed_highp>' necesita tener una interfaz DLL para que la utilicen los clientes de class 'AbstractModel'
C:\Users\josed\Documents\GitHub\ProyectoCGA\external\glm\glm\fwd.hpp(418): message : vea la declaración de 'glm::vec<3,float,glm::packed_highp>'
C:\Users\josed\Documents\GitHub\ProyectoCGA\CGALib\include\Headers\AbstractModel.h(266,12): warning C4251: 'AbstractModel::color': struct 'glm::vec<4,float,glm::packed_highp>' necesita tener una interfaz DLL para que la utilicen los clientes de class 'AbstractModel'
C:\Users\josed\Documents\GitHub\ProyectoCGA\external\glm\glm\fwd.hpp(419): message : vea la declaración de 'glm::vec<4,float,glm::packed_highp>'
C:\Users\josed\Documents\GitHub\ProyectoCGA\CGALib\include\Headers\AbstractModel.h(267,12): warning C4251: 'AbstractModel::orientation': struct 'glm::vec<3,float,glm::packed_highp>' necesita tener una interfaz DLL para que la utilicen los clientes de class 'AbstractModel'
C:\Users\josed\Documents\GitHub\ProyectoCGA\external\glm\glm\fwd.hpp(418): message : vea la declaración de 'glm::vec<3,float,glm::packed_highp>'
C:\Users\josed\Documents\GitHub\ProyectoCGA\CGALib\include\Headers\AbstractModel.h(269,22): warning C4251: 'AbstractModel::vertexArray': class 'std::vector<AbstractModel::Vertex,std::allocator<AbstractModel::Vertex>>' necesita tener una interfaz DLL para que la utilicen los clientes de class 'AbstractModel'
C:\Users\josed\Documents\GitHub\ProyectoCGA\CGALib\include\Headers\AbstractModel.h(245): message : vea la declaración de 'std::vector<AbstractModel::Vertex,std::allocator<AbstractModel::Vertex>>'
C:\Users\josed\Documents\GitHub\ProyectoCGA\CGALib\include\Headers\AbstractModel.h(270,22): warning C4251: 'AbstractModel::index': class 'std::vector<GLuint,std::allocator<GLuint>>' necesita tener una interfaz DLL para que la utilicen los clientes de class 'AbstractModel'
C:\Users\josed\Documents\GitHub\ProyectoCGA\CGALib\include\Headers\AbstractModel.h(270): message : vea la declaración de 'std::vector<GLuint,std::allocator<GLuint>>'
C:\Users\josed\Documents\GitHub\ProyectoCGA\CGALib\include\Headers\AbstractModel.h(271,7): warning C4251: 'AbstractModel::aabb': class 'AbstractModel::AABB' necesita tener una interfaz DLL para que la utilicen los clientes de class 'AbstractModel'
C:\Users\josed\Documents\GitHub\ProyectoCGA\CGALib\include\Headers\AbstractModel.h(65): message : vea la declaración de 'AbstractModel::AABB'
C:\Users\josed\Documents\GitHub\ProyectoCGA\CGALib\include\Headers\AbstractModel.h(272,6): warning C4251: 'AbstractModel::sbb': class 'AbstractModel::SBB' necesita tener una interfaz DLL para que la utilicen los clientes de class 'AbstractModel'
C:\Users\josed\Documents\GitHub\ProyectoCGA\CGALib\include\Headers\AbstractModel.h(51): message : vea la declaración de 'AbstractModel::SBB'
C:\Users\josed\Documents\GitHub\ProyectoCGA\CGALib\include\Headers\AbstractModel.h(273,6): warning C4251: 'AbstractModel::obb': class 'AbstractModel::OBB' necesita tener una interfaz DLL para que la utilicen los clientes de class 'AbstractModel'
C:\Users\josed\Documents\GitHub\ProyectoCGA\CGALib\include\Headers\AbstractModel.h(94): message : vea la declaración de 'AbstractModel::OBB'
C:\Users\josed\Documents\GitHub\ProyectoCGA\CGALib\include\Headers\AbstractModel.h(75,17): warning C4244: '=': conversión de 'double' a 'T'; posible pérdida de datos
          with
          [
              T=float
          ]
C:\Users\josed\Documents\GitHub\ProyectoCGA\CGALib\include\Headers\AbstractModel.h(76,17): warning C4244: '=': conversión de 'double' a 'T'; posible pérdida de datos
          with
          [
              T=float
          ]
C:\Users\josed\Documents\GitHub\ProyectoCGA\CGALib\include\Headers\AbstractModel.h(77,17): warning C4244: '=': conversión de 'double' a 'T'; posible pérdida de datos
          with
          [
              T=float
          ]
C:\Users\josed\Documents\GitHub\ProyectoCGA\CGALib\include\Headers\AbstractModel.h(78,17): warning C4244: '=': conversión de 'double' a 'T'; posible pérdida de datos
          with
          [
              T=float
          ]
C:\Users\josed\Documents\GitHub\ProyectoCGA\CGALib\include\Headers\AbstractModel.h(79,17): warning C4244: '=': conversión de 'double' a 'T'; posible pérdida de datos
          with
          [
              T=float
          ]
C:\Users\josed\Documents\GitHub\ProyectoCGA\CGALib\include\Headers\AbstractModel.h(80,17): warning C4244: '=': conversión de 'double' a 'T'; posible pérdida de datos
          with
          [
              T=float
          ]
C:\Users\josed\Documents\GitHub\ProyectoCGA\CGALib\include\Headers\Box.h(37,7): warning C4251: 'Box::aabb': class 'AbstractModel::AABB' necesita tener una interfaz DLL para que la utilicen los clientes de class 'Box'
C:\Users\josed\Documents\GitHub\ProyectoCGA\CGALib\include\Headers\AbstractModel.h(65): message : vea la declaración de 'AbstractModel::AABB'
  Cylinder.cpp
C:\Users\josed\Documents\GitHub\ProyectoCGA\CGALib\include\Headers\AbstractModel.h(264,12): warning C4251: 'AbstractModel::position': struct 'glm::vec<3,float,glm::packed_highp>' necesita tener una interfaz DLL para que la utilicen los clientes de class 'AbstractModel'
C:\Users\josed\Documents\GitHub\ProyectoCGA\external\glm\glm\fwd.hpp(418): message : vea la declaración de 'glm::vec<3,float,glm::packed_highp>'
C:\Users\josed\Documents\GitHub\ProyectoCGA\CGALib\include\Headers\AbstractModel.h(265,12): warning C4251: 'AbstractModel::scale': struct 'glm::vec<3,float,glm::packed_highp>' necesita tener una interfaz DLL para que la utilicen los clientes de class 'AbstractModel'
C:\Users\josed\Documents\GitHub\ProyectoCGA\external\glm\glm\fwd.hpp(418): message : vea la declaración de 'glm::vec<3,float,glm::packed_highp>'
C:\Users\josed\Documents\GitHub\ProyectoCGA\CGALib\include\Headers\AbstractModel.h(266,12): warning C4251: 'AbstractModel::color': struct 'glm::vec<4,float,glm::packed_highp>' necesita tener una interfaz DLL para que la utilicen los clientes de class 'AbstractModel'
C:\Users\josed\Documents\GitHub\ProyectoCGA\external\glm\glm\fwd.hpp(419): message : vea la declaración de 'glm::vec<4,float,glm::packed_highp>'
C:\Users\josed\Documents\GitHub\ProyectoCGA\CGALib\include\Headers\AbstractModel.h(267,12): warning C4251: 'AbstractModel::orientation': struct 'glm::vec<3,float,glm::packed_highp>' necesita tener una interfaz DLL para que la utilicen los clientes de class 'AbstractModel'
C:\Users\josed\Documents\GitHub\ProyectoCGA\external\glm\glm\fwd.hpp(418): message : vea la declaración de 'glm::vec<3,float,glm::packed_highp>'
C:\Users\josed\Documents\GitHub\ProyectoCGA\CGALib\include\Headers\AbstractModel.h(269,22): warning C4251: 'AbstractModel::vertexArray': class 'std::vector<AbstractModel::Vertex,std::allocator<AbstractModel::Vertex>>' necesita tener una interfaz DLL para que la utilicen los clientes de class 'AbstractModel'
C:\Users\josed\Documents\GitHub\ProyectoCGA\CGALib\include\Headers\AbstractModel.h(245): message : vea la declaración de 'std::vector<AbstractModel::Vertex,std::allocator<AbstractModel::Vertex>>'
C:\Users\josed\Documents\GitHub\ProyectoCGA\CGALib\include\Headers\AbstractModel.h(270,22): warning C4251: 'AbstractModel::index': class 'std::vector<GLuint,std::allocator<GLuint>>' necesita tener una interfaz DLL para que la utilicen los clientes de class 'AbstractModel'
C:\Users\josed\Documents\GitHub\ProyectoCGA\CGALib\include\Headers\AbstractModel.h(270): message : vea la declaración de 'std::vector<GLuint,std::allocator<GLuint>>'
C:\Users\josed\Documents\GitHub\ProyectoCGA\CGALib\include\Headers\AbstractModel.h(271,7): warning C4251: 'AbstractModel::aabb': class 'AbstractModel::AABB' necesita tener una interfaz DLL para que la utilicen los clientes de class 'AbstractModel'
C:\Users\josed\Documents\GitHub\ProyectoCGA\CGALib\include\Headers\AbstractModel.h(65): message : vea la declaración de 'AbstractModel::AABB'
C:\Users\josed\Documents\GitHub\ProyectoCGA\CGALib\include\Headers\AbstractModel.h(272,6): warning C4251: 'AbstractModel::sbb': class 'AbstractModel::SBB' necesita tener una interfaz DLL para que la utilicen los clientes de class 'AbstractModel'
C:\Users\josed\Documents\GitHub\ProyectoCGA\CGALib\include\Headers\AbstractModel.h(51): message : vea la declaración de 'AbstractModel::SBB'
C:\Users\josed\Documents\GitHub\ProyectoCGA\CGALib\include\Headers\AbstractModel.h(273,6): warning C4251: 'AbstractModel::obb': class 'AbstractModel::OBB' necesita tener una interfaz DLL para que la utilicen los clientes de class 'AbstractModel'
C:\Users\josed\Documents\GitHub\ProyectoCGA\CGALib\include\Headers\AbstractModel.h(94): message : vea la declaración de 'AbstractModel::OBB'
C:\Users\josed\Documents\GitHub\ProyectoCGA\CGALib\include\Headers\AbstractModel.h(75,17): warning C4244: '=': conversión de 'double' a 'T'; posible pérdida de datos
          with
          [
              T=float
          ]
C:\Users\josed\Documents\GitHub\ProyectoCGA\CGALib\include\Headers\AbstractModel.h(76,17): warning C4244: '=': conversión de 'double' a 'T'; posible pérdida de datos
          with
          [
              T=float
          ]
C:\Users\josed\Documents\GitHub\ProyectoCGA\CGALib\include\Headers\AbstractModel.h(77,17): warning C4244: '=': conversión de 'double' a 'T'; posible pérdida de datos
          with
          [
              T=float
          ]
C:\Users\josed\Documents\GitHub\ProyectoCGA\CGALib\include\Headers\AbstractModel.h(78,17): warning C4244: '=': conversión de 'double' a 'T'; posible pérdida de datos
          with
          [
              T=float
          ]
C:\Users\josed\Documents\GitHub\ProyectoCGA\CGALib\include\Headers\AbstractModel.h(79,17): warning C4244: '=': conversión de 'double' a 'T'; posible pérdida de datos
          with
          [
              T=float
          ]
C:\Users\josed\Documents\GitHub\ProyectoCGA\CGALib\include\Headers\AbstractModel.h(80,17): warning C4244: '=': conversión de 'double' a 'T'; posible pérdida de datos
          with
          [
              T=float
          ]
C:\Users\josed\Documents\GitHub\ProyectoCGA\CGALib\src\Cylinder.cpp(33,11): warning C4244: 'inicializando': conversión de 'double' a 'float'; posible pérdida de datos
C:\Users\josed\Documents\GitHub\ProyectoCGA\CGALib\src\Cylinder.cpp(34,11): warning C4244: 'inicializando': conversión de 'double' a 'float'; posible pérdida de datos
C:\Users\josed\Documents\GitHub\ProyectoCGA\CGALib\src\Cylinder.cpp(44,11): warning C4244: 'inicializando': conversión de 'double' a 'float'; posible pérdida de datos
C:\Users\josed\Documents\GitHub\ProyectoCGA\CGALib\src\Cylinder.cpp(45,11): warning C4244: 'inicializando': conversión de 'double' a 'float'; posible pérdida de datos
  FirstPersonCamera.cpp
C:\Users\josed\Documents\GitHub\ProyectoCGA\CGALib\include\Headers\Camera.h(111,12): warning C4251: 'Camera::position': struct 'glm::vec<3,float,glm::packed_highp>' necesita tener una interfaz DLL para que la utilicen los clientes de class 'Camera'
C:\Users\josed\Documents\GitHub\ProyectoCGA\external\glm\glm\fwd.hpp(418): message : vea la declaración de 'glm::vec<3,float,glm::packed_highp>'
C:\Users\josed\Documents\GitHub\ProyectoCGA\CGALib\include\Headers\Camera.h(112,12): warning C4251: 'Camera::front': struct 'glm::vec<3,float,glm::packed_highp>' necesita tener una interfaz DLL para que la utilicen los clientes de class 'Camera'
C:\Users\josed\Documents\GitHub\ProyectoCGA\external\glm\glm\fwd.hpp(418): message : vea la declaración de 'glm::vec<3,float,glm::packed_highp>'
C:\Users\josed\Documents\GitHub\ProyectoCGA\CGALib\include\Headers\Camera.h(113,12): warning C4251: 'Camera::up': struct 'glm::vec<3,float,glm::packed_highp>' necesita tener una interfaz DLL para que la utilicen los clientes de class 'Camera'
C:\Users\josed\Documents\GitHub\ProyectoCGA\external\glm\glm\fwd.hpp(418): message : vea la declaración de 'glm::vec<3,float,glm::packed_highp>'
C:\Users\josed\Documents\GitHub\ProyectoCGA\CGALib\include\Headers\Camera.h(114,12): warning C4251: 'Camera::right': struct 'glm::vec<3,float,glm::packed_highp>' necesita tener una interfaz DLL para que la utilicen los clientes de class 'Camera'
C:\Users\josed\Documents\GitHub\ProyectoCGA\external\glm\glm\fwd.hpp(418): message : vea la declaración de 'glm::vec<3,float,glm::packed_highp>'
C:\Users\josed\Documents\GitHub\ProyectoCGA\CGALib\include\Headers\Camera.h(115,12): warning C4251: 'Camera::worldUp': struct 'glm::vec<3,float,glm::packed_highp>' necesita tener una interfaz DLL para que la utilicen los clientes de class 'Camera'
C:\Users\josed\Documents\GitHub\ProyectoCGA\external\glm\glm\fwd.hpp(418): message : vea la declaración de 'glm::vec<3,float,glm::packed_highp>'
C:\Users\josed\Documents\GitHub\ProyectoCGA\CGALib\include\Headers\Camera.h(117,12): warning C4251: 'Camera::cameraTarget': struct 'glm::vec<3,float,glm::packed_highp>' necesita tener una interfaz DLL para que la utilicen los clientes de class 'Camera'
C:\Users\josed\Documents\GitHub\ProyectoCGA\external\glm\glm\fwd.hpp(418): message : vea la declaración de 'glm::vec<3,float,glm::packed_highp>'
  FontTypeRendering.cpp
C:\Users\josed\Documents\GitHub\ProyectoCGA\CGALib\src\FontTypeRendering.cpp(128,49): warning C4305: 'argumento': truncamiento de 'double' a 'GLfloat'
C:\Users\josed\Documents\GitHub\ProyectoCGA\CGALib\src\FontTypeRendering.cpp(134,39): warning C4244: 'argumento': conversión de 'double' a 'float'; posible pérdida de datos
C:\Users\josed\Documents\GitHub\ProyectoCGA\CGALib\src\FontTypeRendering.cpp(134,31): warning C4244: 'argumento': conversión de 'double' a 'float'; posible pérdida de datos
  Mesh.cpp
C:\Users\josed\Documents\GitHub\ProyectoCGA\CGALib\include\Headers\AbstractModel.h(264,12): warning C4251: 'AbstractModel::position': struct 'glm::vec<3,float,glm::packed_highp>' necesita tener una interfaz DLL para que la utilicen los clientes de class 'AbstractModel'
C:\Users\josed\Documents\GitHub\ProyectoCGA\external\glm\glm\fwd.hpp(418): message : vea la declaración de 'glm::vec<3,float,glm::packed_highp>'
C:\Users\josed\Documents\GitHub\ProyectoCGA\CGALib\include\Headers\AbstractModel.h(265,12): warning C4251: 'AbstractModel::scale': struct 'glm::vec<3,float,glm::packed_highp>' necesita tener una interfaz DLL para que la utilicen los clientes de class 'AbstractModel'
C:\Users\josed\Documents\GitHub\ProyectoCGA\external\glm\glm\fwd.hpp(418): message : vea la declaración de 'glm::vec<3,float,glm::packed_highp>'
C:\Users\josed\Documents\GitHub\ProyectoCGA\CGALib\include\Headers\AbstractModel.h(266,12): warning C4251: 'AbstractModel::color': struct 'glm::vec<4,float,glm::packed_highp>' necesita tener una interfaz DLL para que la utilicen los clientes de class 'AbstractModel'
C:\Users\josed\Documents\GitHub\ProyectoCGA\external\glm\glm\fwd.hpp(419): message : vea la declaración de 'glm::vec<4,float,glm::packed_highp>'
C:\Users\josed\Documents\GitHub\ProyectoCGA\CGALib\include\Headers\AbstractModel.h(267,12): warning C4251: 'AbstractModel::orientation': struct 'glm::vec<3,float,glm::packed_highp>' necesita tener una interfaz DLL para que la utilicen los clientes de class 'AbstractModel'
C:\Users\josed\Documents\GitHub\ProyectoCGA\external\glm\glm\fwd.hpp(418): message : vea la declaración de 'glm::vec<3,float,glm::packed_highp>'
C:\Users\josed\Documents\GitHub\ProyectoCGA\CGALib\include\Headers\AbstractModel.h(269,22): warning C4251: 'AbstractModel::vertexArray': class 'std::vector<AbstractModel::Vertex,std::allocator<AbstractModel::Vertex>>' necesita tener una interfaz DLL para que la utilicen los clientes de class 'AbstractModel'
C:\Users\josed\Documents\GitHub\ProyectoCGA\CGALib\include\Headers\AbstractModel.h(245): message : vea la declaración de 'std::vector<AbstractModel::Vertex,std::allocator<AbstractModel::Vertex>>'
C:\Users\josed\Documents\GitHub\ProyectoCGA\CGALib\include\Headers\AbstractModel.h(270,22): warning C4251: 'AbstractModel::index': class 'std::vector<GLuint,std::allocator<GLuint>>' necesita tener una interfaz DLL para que la utilicen los clientes de class 'AbstractModel'
C:\Users\josed\Documents\GitHub\ProyectoCGA\CGALib\include\Headers\AbstractModel.h(270): message : vea la declaración de 'std::vector<GLuint,std::allocator<GLuint>>'
C:\Users\josed\Documents\GitHub\ProyectoCGA\CGALib\include\Headers\AbstractModel.h(271,7): warning C4251: 'AbstractModel::aabb': class 'AbstractModel::AABB' necesita tener una interfaz DLL para que la utilicen los clientes de class 'AbstractModel'
C:\Users\josed\Documents\GitHub\ProyectoCGA\CGALib\include\Headers\AbstractModel.h(65): message : vea la declaración de 'AbstractModel::AABB'
C:\Users\josed\Documents\GitHub\ProyectoCGA\CGALib\include\Headers\AbstractModel.h(272,6): warning C4251: 'AbstractModel::sbb': class 'AbstractModel::SBB' necesita tener una interfaz DLL para que la utilicen los clientes de class 'AbstractModel'
C:\Users\josed\Documents\GitHub\ProyectoCGA\CGALib\include\Headers\AbstractModel.h(51): message : vea la declaración de 'AbstractModel::SBB'
C:\Users\josed\Documents\GitHub\ProyectoCGA\CGALib\include\Headers\AbstractModel.h(273,6): warning C4251: 'AbstractModel::obb': class 'AbstractModel::OBB' necesita tener una interfaz DLL para que la utilicen los clientes de class 'AbstractModel'
C:\Users\josed\Documents\GitHub\ProyectoCGA\CGALib\include\Headers\AbstractModel.h(94): message : vea la declaración de 'AbstractModel::OBB'
C:\Users\josed\Documents\GitHub\ProyectoCGA\CGALib\include\Headers\AbstractModel.h(75,17): warning C4244: '=': conversión de 'double' a 'T'; posible pérdida de datos
          with
          [
              T=float
          ]
C:\Users\josed\Documents\GitHub\ProyectoCGA\CGALib\include\Headers\AbstractModel.h(76,17): warning C4244: '=': conversión de 'double' a 'T'; posible pérdida de datos
          with
          [
              T=float
          ]
C:\Users\josed\Documents\GitHub\ProyectoCGA\CGALib\include\Headers\AbstractModel.h(77,17): warning C4244: '=': conversión de 'double' a 'T'; posible pérdida de datos
          with
          [
              T=float
          ]
C:\Users\josed\Documents\GitHub\ProyectoCGA\CGALib\include\Headers\AbstractModel.h(78,17): warning C4244: '=': conversión de 'double' a 'T'; posible pérdida de datos
          with
          [
              T=float
          ]
C:\Users\josed\Documents\GitHub\ProyectoCGA\CGALib\include\Headers\AbstractModel.h(79,17): warning C4244: '=': conversión de 'double' a 'T'; posible pérdida de datos
          with
          [
              T=float
          ]
C:\Users\josed\Documents\GitHub\ProyectoCGA\CGALib\include\Headers\AbstractModel.h(80,17): warning C4244: '=': conversión de 'double' a 'T'; posible pérdida de datos
          with
          [
              T=float
          ]
C:\Users\josed\Documents\GitHub\ProyectoCGA\CGALib\include\Headers\Texture.h(66,14): warning C4251: 'Texture::m_fileName': class 'std::basic_string<char,std::char_traits<char>,std::allocator<char>>' necesita tener una interfaz DLL para que la utilicen los clientes de class 'Texture'
C:\Program Files (x86)\Microsoft Visual Studio\2019\Community\VC\Tools\MSVC\14.29.30133\include\xstring(4871): message : vea la declaración de 'std::basic_string<char,std::char_traits<char>,std::allocator<char>>'
C:\Users\josed\Documents\GitHub\ProyectoCGA\CGALib\include\Headers\Texture.h(69,14): warning C4251: 'Texture::type': class 'std::basic_string<char,std::char_traits<char>,std::allocator<char>>' necesita tener una interfaz DLL para que la utilicen los clientes de class 'Texture'
C:\Program Files (x86)\Microsoft Visual Studio\2019\Community\VC\Tools\MSVC\14.29.30133\include\xstring(4871): message : vea la declaración de 'std::basic_string<char,std::char_traits<char>,std::allocator<char>>'
C:\Users\josed\Documents\GitHub\ProyectoCGA\CGALib\include\Headers\Bones.h(111,38): warning C4251: 'Bones::m_BoneMapping': class 'std::map<std::string,unsigned int,std::less<std::string>,std::allocator<std::pair<const std::string,unsigned int>>>' necesita tener una interfaz DLL para que la utilicen los clientes de class 'Bones'
C:\Users\josed\Documents\GitHub\ProyectoCGA\CGALib\include\Headers\Bones.h(111): message : vea la declaración de 'std::map<std::string,unsigned int,std::less<std::string>,std::allocator<std::pair<const std::string,unsigned int>>>'
C:\Users\josed\Documents\GitHub\ProyectoCGA\CGALib\include\Headers\Bones.h(112,24): warning C4251: 'Bones::m_BoneInfo': class 'std::vector<Bones::BoneInfo,std::allocator<Bones::BoneInfo>>' necesita tener una interfaz DLL para que la utilicen los clientes de class 'Bones'
C:\Users\josed\Documents\GitHub\ProyectoCGA\CGALib\include\Headers\Bones.h(112): message : vea la declaración de 'std::vector<Bones::BoneInfo,std::allocator<Bones::BoneInfo>>'
C:\Users\josed\Documents\GitHub\ProyectoCGA\CGALib\include\Headers\Bones.h(113,30): warning C4251: 'Bones::bones': class 'std::vector<Bones::VertexBoneData,std::allocator<Bones::VertexBoneData>>' necesita tener una interfaz DLL para que la utilicen los clientes de class 'Bones'
C:\Users\josed\Documents\GitHub\ProyectoCGA\CGALib\include\Headers\Bones.h(113): message : vea la declaración de 'std::vector<Bones::VertexBoneData,std::allocator<Bones::VertexBoneData>>'
C:\Users\josed\Documents\GitHub\ProyectoCGA\CGALib\include\Headers\Mesh.h(54,24): warning C4251: 'Mesh::textures': class 'std::vector<Texture *,std::allocator<Texture *>>' necesita tener una interfaz DLL para que la utilicen los clientes de class 'Mesh'
C:\Users\josed\Documents\GitHub\ProyectoCGA\CGALib\include\Headers\Mesh.h(54): message : vea la declaración de 'std::vector<Texture *,std::allocator<Texture *>>'
  Model.cpp
C:\Users\josed\Documents\GitHub\ProyectoCGA\CGALib\include\Headers\AbstractModel.h(264,12): warning C4251: 'AbstractModel::position': struct 'glm::vec<3,float,glm::packed_highp>' necesita tener una interfaz DLL para que la utilicen los clientes de class 'AbstractModel'
C:\Users\josed\Documents\GitHub\ProyectoCGA\external\glm\glm\fwd.hpp(418): message : vea la declaración de 'glm::vec<3,float,glm::packed_highp>'
C:\Users\josed\Documents\GitHub\ProyectoCGA\CGALib\include\Headers\AbstractModel.h(265,12): warning C4251: 'AbstractModel::scale': struct 'glm::vec<3,float,glm::packed_highp>' necesita tener una interfaz DLL para que la utilicen los clientes de class 'AbstractModel'
C:\Users\josed\Documents\GitHub\ProyectoCGA\external\glm\glm\fwd.hpp(418): message : vea la declaración de 'glm::vec<3,float,glm::packed_highp>'
C:\Users\josed\Documents\GitHub\ProyectoCGA\CGALib\include\Headers\AbstractModel.h(266,12): warning C4251: 'AbstractModel::color': struct 'glm::vec<4,float,glm::packed_highp>' necesita tener una interfaz DLL para que la utilicen los clientes de class 'AbstractModel'
C:\Users\josed\Documents\GitHub\ProyectoCGA\external\glm\glm\fwd.hpp(419): message : vea la declaración de 'glm::vec<4,float,glm::packed_highp>'
C:\Users\josed\Documents\GitHub\ProyectoCGA\CGALib\include\Headers\AbstractModel.h(267,12): warning C4251: 'AbstractModel::orientation': struct 'glm::vec<3,float,glm::packed_highp>' necesita tener una interfaz DLL para que la utilicen los clientes de class 'AbstractModel'
C:\Users\josed\Documents\GitHub\ProyectoCGA\external\glm\glm\fwd.hpp(418): message : vea la declaración de 'glm::vec<3,float,glm::packed_highp>'
C:\Users\josed\Documents\GitHub\ProyectoCGA\CGALib\include\Headers\AbstractModel.h(269,22): warning C4251: 'AbstractModel::vertexArray': class 'std::vector<AbstractModel::Vertex,std::allocator<AbstractModel::Vertex>>' necesita tener una interfaz DLL para que la utilicen los clientes de class 'AbstractModel'
C:\Users\josed\Documents\GitHub\ProyectoCGA\CGALib\include\Headers\AbstractModel.h(245): message : vea la declaración de 'std::vector<AbstractModel::Vertex,std::allocator<AbstractModel::Vertex>>'
C:\Users\josed\Documents\GitHub\ProyectoCGA\CGALib\include\Headers\AbstractModel.h(270,22): warning C4251: 'AbstractModel::index': class 'std::vector<GLuint,std::allocator<GLuint>>' necesita tener una interfaz DLL para que la utilicen los clientes de class 'AbstractModel'
C:\Users\josed\Documents\GitHub\ProyectoCGA\CGALib\include\Headers\AbstractModel.h(270): message : vea la declaración de 'std::vector<GLuint,std::allocator<GLuint>>'
C:\Users\josed\Documents\GitHub\ProyectoCGA\CGALib\include\Headers\AbstractModel.h(271,7): warning C4251: 'AbstractModel::aabb': class 'AbstractModel::AABB' necesita tener una interfaz DLL para que la utilicen los clientes de class 'AbstractModel'
C:\Users\josed\Documents\GitHub\ProyectoCGA\CGALib\include\Headers\AbstractModel.h(65): message : vea la declaración de 'AbstractModel::AABB'
C:\Users\josed\Documents\GitHub\ProyectoCGA\CGALib\include\Headers\AbstractModel.h(272,6): warning C4251: 'AbstractModel::sbb': class 'AbstractModel::SBB' necesita tener una interfaz DLL para que la utilicen los clientes de class 'AbstractModel'
C:\Users\josed\Documents\GitHub\ProyectoCGA\CGALib\include\Headers\AbstractModel.h(51): message : vea la declaración de 'AbstractModel::SBB'
C:\Users\josed\Documents\GitHub\ProyectoCGA\CGALib\include\Headers\AbstractModel.h(273,6): warning C4251: 'AbstractModel::obb': class 'AbstractModel::OBB' necesita tener una interfaz DLL para que la utilicen los clientes de class 'AbstractModel'
C:\Users\josed\Documents\GitHub\ProyectoCGA\CGALib\include\Headers\AbstractModel.h(94): message : vea la declaración de 'AbstractModel::OBB'
C:\Users\josed\Documents\GitHub\ProyectoCGA\CGALib\include\Headers\AbstractModel.h(75,17): warning C4244: '=': conversión de 'double' a 'T'; posible pérdida de datos
          with
          [
              T=float
          ]
C:\Users\josed\Documents\GitHub\ProyectoCGA\CGALib\include\Headers\AbstractModel.h(76,17): warning C4244: '=': conversión de 'double' a 'T'; posible pérdida de datos
          with
          [
              T=float
          ]
C:\Users\josed\Documents\GitHub\ProyectoCGA\CGALib\include\Headers\AbstractModel.h(77,17): warning C4244: '=': conversión de 'double' a 'T'; posible pérdida de datos
          with
          [
              T=float
          ]
C:\Users\josed\Documents\GitHub\ProyectoCGA\CGALib\include\Headers\AbstractModel.h(78,17): warning C4244: '=': conversión de 'double' a 'T'; posible pérdida de datos
          with
          [
              T=float
          ]
C:\Users\josed\Documents\GitHub\ProyectoCGA\CGALib\include\Headers\AbstractModel.h(79,17): warning C4244: '=': conversión de 'double' a 'T'; posible pérdida de datos
          with
          [
              T=float
          ]
C:\Users\josed\Documents\GitHub\ProyectoCGA\CGALib\include\Headers\AbstractModel.h(80,17): warning C4244: '=': conversión de 'double' a 'T'; posible pérdida de datos
          with
          [
              T=float
          ]
C:\Users\josed\Documents\GitHub\ProyectoCGA\CGALib\include\Headers\Texture.h(66,14): warning C4251: 'Texture::m_fileName': class 'std::basic_string<char,std::char_traits<char>,std::allocator<char>>' necesita tener una interfaz DLL para que la utilicen los clientes de class 'Texture'
C:\Program Files (x86)\Microsoft Visual Studio\2019\Community\VC\Tools\MSVC\14.29.30133\include\xstring(4871): message : vea la declaración de 'std::basic_string<char,std::char_traits<char>,std::allocator<char>>'
C:\Users\josed\Documents\GitHub\ProyectoCGA\CGALib\include\Headers\Texture.h(69,14): warning C4251: 'Texture::type': class 'std::basic_string<char,std::char_traits<char>,std::allocator<char>>' necesita tener una interfaz DLL para que la utilicen los clientes de class 'Texture'
C:\Program Files (x86)\Microsoft Visual Studio\2019\Community\VC\Tools\MSVC\14.29.30133\include\xstring(4871): message : vea la declaración de 'std::basic_string<char,std::char_traits<char>,std::allocator<char>>'
C:\Users\josed\Documents\GitHub\ProyectoCGA\CGALib\include\Headers\Bones.h(111,38): warning C4251: 'Bones::m_BoneMapping': class 'std::map<std::string,unsigned int,std::less<std::string>,std::allocator<std::pair<const std::string,unsigned int>>>' necesita tener una interfaz DLL para que la utilicen los clientes de class 'Bones'
C:\Users\josed\Documents\GitHub\ProyectoCGA\CGALib\include\Headers\Bones.h(111): message : vea la declaración de 'std::map<std::string,unsigned int,std::less<std::string>,std::allocator<std::pair<const std::string,unsigned int>>>'
C:\Users\josed\Documents\GitHub\ProyectoCGA\CGALib\include\Headers\Bones.h(112,24): warning C4251: 'Bones::m_BoneInfo': class 'std::vector<Bones::BoneInfo,std::allocator<Bones::BoneInfo>>' necesita tener una interfaz DLL para que la utilicen los clientes de class 'Bones'
C:\Users\josed\Documents\GitHub\ProyectoCGA\CGALib\include\Headers\Bones.h(112): message : vea la declaración de 'std::vector<Bones::BoneInfo,std::allocator<Bones::BoneInfo>>'
C:\Users\josed\Documents\GitHub\ProyectoCGA\CGALib\include\Headers\Bones.h(113,30): warning C4251: 'Bones::bones': class 'std::vector<Bones::VertexBoneData,std::allocator<Bones::VertexBoneData>>' necesita tener una interfaz DLL para que la utilicen los clientes de class 'Bones'
C:\Users\josed\Documents\GitHub\ProyectoCGA\CGALib\include\Headers\Bones.h(113): message : vea la declaración de 'std::vector<Bones::VertexBoneData,std::allocator<Bones::VertexBoneData>>'
C:\Users\josed\Documents\GitHub\ProyectoCGA\CGALib\include\Headers\Mesh.h(54,24): warning C4251: 'Mesh::textures': class 'std::vector<Texture *,std::allocator<Texture *>>' necesita tener una interfaz DLL para que la utilicen los clientes de class 'Mesh'
C:\Users\josed\Documents\GitHub\ProyectoCGA\CGALib\include\Headers\Mesh.h(54): message : vea la declaración de 'std::vector<Texture *,std::allocator<Texture *>>'
C:\Users\josed\Documents\GitHub\ProyectoCGA\CGALib\include\Headers\Model.h(66,21): warning C4251: 'Model::meshes': class 'std::vector<Mesh *,std::allocator<Mesh *>>' necesita tener una interfaz DLL para que la utilicen los clientes de class 'Model'
C:\Users\josed\Documents\GitHub\ProyectoCGA\CGALib\include\Headers\Model.h(50): message : vea la declaración de 'std::vector<Mesh *,std::allocator<Mesh *>>'
C:\Users\josed\Documents\GitHub\ProyectoCGA\CGALib\include\Headers\Model.h(67,24): warning C4251: 'Model::textureLoaded': class 'std::vector<Texture *,std::allocator<Texture *>>' necesita tener una interfaz DLL para que la utilicen los clientes de class 'Model'
C:\Users\josed\Documents\GitHub\ProyectoCGA\CGALib\include\Headers\Mesh.h(54): message : vea la declaración de 'std::vector<Texture *,std::allocator<Texture *>>'
C:\Users\josed\Documents\GitHub\ProyectoCGA\CGALib\include\Headers\Model.h(68,14): warning C4251: 'Model::directory': class 'std::basic_string<char,std::char_traits<char>,std::allocator<char>>' necesita tener una interfaz DLL para que la utilicen los clientes de class 'Model'
C:\Program Files (x86)\Microsoft Visual Studio\2019\Community\VC\Tools\MSVC\14.29.30133\include\xstring(4871): message : vea la declaración de 'std::basic_string<char,std::char_traits<char>,std::allocator<char>>'
C:\Users\josed\Documents\GitHub\ProyectoCGA\CGALib\include\Headers\Model.h(70,12): warning C4251: 'Model::m_GlobalInverseTransform': struct 'glm::mat<4,4,glm::f32,glm::packed_highp>' necesita tener una interfaz DLL para que la utilicen los clientes de class 'Model'
C:\Users\josed\Documents\GitHub\ProyectoCGA\external\glm\glm\fwd.hpp(518): message : vea la declaración de 'glm::mat<4,4,glm::f32,glm::packed_highp>'
C:\Users\josed\Documents\GitHub\ProyectoCGA\CGALib\include\Headers\Model.h(72,19): warning C4251: 'Model::importer': class 'Assimp::Importer' necesita tener una interfaz DLL para que la utilicen los clientes de class 'Model'
C:\Users\josed\Documents\GitHub\ProyectoCGA\external\assimp\include\assimp\Importer.hpp(115): message : vea la declaración de 'Assimp::Importer'
C:\Users\josed\Documents\GitHub\ProyectoCGA\CGALib\src\Model.cpp(27,20): warning C4018: '<': no coinciden signed/unsigned
C:\Users\josed\Documents\GitHub\ProyectoCGA\CGALib\src\Model.cpp(32,20): warning C4244: 'inicializando': conversión de 'double' a 'float'; posible pérdida de datos
C:\Users\josed\Documents\GitHub\ProyectoCGA\CGALib\src\Model.cpp(92,55): warning C4244: '=': conversión de 'double' a 'float'; posible pérdida de datos
  Shader.cpp
  ShadowBox.cpp
C:\Users\josed\Documents\GitHub\ProyectoCGA\CGALib\include\Headers\Camera.h(111,12): warning C4251: 'Camera::position': struct 'glm::vec<3,float,glm::packed_highp>' necesita tener una interfaz DLL para que la utilicen los clientes de class 'Camera'
C:\Users\josed\Documents\GitHub\ProyectoCGA\external\glm\glm\fwd.hpp(418): message : vea la declaración de 'glm::vec<3,float,glm::packed_highp>'
C:\Users\josed\Documents\GitHub\ProyectoCGA\CGALib\include\Headers\Camera.h(112,12): warning C4251: 'Camera::front': struct 'glm::vec<3,float,glm::packed_highp>' necesita tener una interfaz DLL para que la utilicen los clientes de class 'Camera'
C:\Users\josed\Documents\GitHub\ProyectoCGA\external\glm\glm\fwd.hpp(418): message : vea la declaración de 'glm::vec<3,float,glm::packed_highp>'
C:\Users\josed\Documents\GitHub\ProyectoCGA\CGALib\include\Headers\Camera.h(113,12): warning C4251: 'Camera::up': struct 'glm::vec<3,float,glm::packed_highp>' necesita tener una interfaz DLL para que la utilicen los clientes de class 'Camera'
C:\Users\josed\Documents\GitHub\ProyectoCGA\external\glm\glm\fwd.hpp(418): message : vea la declaración de 'glm::vec<3,float,glm::packed_highp>'
C:\Users\josed\Documents\GitHub\ProyectoCGA\CGALib\include\Headers\Camera.h(114,12): warning C4251: 'Camera::right': struct 'glm::vec<3,float,glm::packed_highp>' necesita tener una interfaz DLL para que la utilicen los clientes de class 'Camera'
C:\Users\josed\Documents\GitHub\ProyectoCGA\external\glm\glm\fwd.hpp(418): message : vea la declaración de 'glm::vec<3,float,glm::packed_highp>'
C:\Users\josed\Documents\GitHub\ProyectoCGA\CGALib\include\Headers\Camera.h(115,12): warning C4251: 'Camera::worldUp': struct 'glm::vec<3,float,glm::packed_highp>' necesita tener una interfaz DLL para que la utilicen los clientes de class 'Camera'
C:\Users\josed\Documents\GitHub\ProyectoCGA\external\glm\glm\fwd.hpp(418): message : vea la declaración de 'glm::vec<3,float,glm::packed_highp>'
C:\Users\josed\Documents\GitHub\ProyectoCGA\CGALib\include\Headers\Camera.h(117,12): warning C4251: 'Camera::cameraTarget': struct 'glm::vec<3,float,glm::packed_highp>' necesita tener una interfaz DLL para que la utilicen los clientes de class 'Camera'
C:\Users\josed\Documents\GitHub\ProyectoCGA\external\glm\glm\fwd.hpp(418): message : vea la declaración de 'glm::vec<3,float,glm::packed_highp>'
C:\Users\josed\Documents\GitHub\ProyectoCGA\CGALib\include\Headers\ShadowBox.h(40,11): warning C4251: 'ShadowBox::front': struct 'glm::vec<3,float,glm::packed_highp>' necesita tener una interfaz DLL para que la utilicen los clientes de class 'ShadowBox'
C:\Users\josed\Documents\GitHub\ProyectoCGA\external\glm\glm\fwd.hpp(418): message : vea la declaración de 'glm::vec<3,float,glm::packed_highp>'
C:\Users\josed\Documents\GitHub\ProyectoCGA\CGALib\include\Headers\ShadowBox.h(41,11): warning C4251: 'ShadowBox::up': struct 'glm::vec<3,float,glm::packed_highp>' necesita tener una interfaz DLL para que la utilicen los clientes de class 'ShadowBox'
C:\Users\josed\Documents\GitHub\ProyectoCGA\external\glm\glm\fwd.hpp(418): message : vea la declaración de 'glm::vec<3,float,glm::packed_highp>'
C:\Users\josed\Documents\GitHub\ProyectoCGA\CGALib\include\Headers\ShadowBox.h(42,11): warning C4251: 'ShadowBox::right': struct 'glm::vec<3,float,glm::packed_highp>' necesita tener una interfaz DLL para que la utilicen los clientes de class 'ShadowBox'
C:\Users\josed\Documents\GitHub\ProyectoCGA\external\glm\glm\fwd.hpp(418): message : vea la declaración de 'glm::vec<3,float,glm::packed_highp>'
C:\Users\josed\Documents\GitHub\ProyectoCGA\CGALib\include\Headers\ShadowBox.h(43,11): warning C4251: 'ShadowBox::mins': struct 'glm::vec<3,float,glm::packed_highp>' necesita tener una interfaz DLL para que la utilicen los clientes de class 'ShadowBox'
C:\Users\josed\Documents\GitHub\ProyectoCGA\external\glm\glm\fwd.hpp(418): message : vea la declaración de 'glm::vec<3,float,glm::packed_highp>'
C:\Users\josed\Documents\GitHub\ProyectoCGA\CGALib\include\Headers\ShadowBox.h(44,11): warning C4251: 'ShadowBox::maxs': struct 'glm::vec<3,float,glm::packed_highp>' necesita tener una interfaz DLL para que la utilicen los clientes de class 'ShadowBox'
C:\Users\josed\Documents\GitHub\ProyectoCGA\external\glm\glm\fwd.hpp(418): message : vea la declaración de 'glm::vec<3,float,glm::packed_highp>'
C:\Users\josed\Documents\GitHub\ProyectoCGA\CGALib\src\ShadowBox.cpp(14,19): warning C4244: 'inicializando': conversión de 'double' a 'float'; posible pérdida de datos
C:\Users\josed\Documents\GitHub\ProyectoCGA\CGALib\src\ShadowBox.cpp(15,18): warning C4244: 'inicializando': conversión de 'double' a 'float'; posible pérdida de datos
C:\Users\josed\Documents\GitHub\ProyectoCGA\CGALib\src\ShadowBox.cpp(16,18): warning C4244: 'inicializando': conversión de 'double' a 'float'; posible pérdida de datos
C:\Users\josed\Documents\GitHub\ProyectoCGA\CGALib\src\ShadowBox.cpp(17,17): warning C4244: 'inicializando': conversión de 'double' a 'float'; posible pérdida de datos
  Sphere.cpp
C:\Users\josed\Documents\GitHub\ProyectoCGA\CGALib\include\Headers\AbstractModel.h(264,12): warning C4251: 'AbstractModel::position': struct 'glm::vec<3,float,glm::packed_highp>' necesita tener una interfaz DLL para que la utilicen los clientes de class 'AbstractModel'
C:\Users\josed\Documents\GitHub\ProyectoCGA\external\glm\glm\fwd.hpp(418): message : vea la declaración de 'glm::vec<3,float,glm::packed_highp>'
C:\Users\josed\Documents\GitHub\ProyectoCGA\CGALib\include\Headers\AbstractModel.h(265,12): warning C4251: 'AbstractModel::scale': struct 'glm::vec<3,float,glm::packed_highp>' necesita tener una interfaz DLL para que la utilicen los clientes de class 'AbstractModel'
C:\Users\josed\Documents\GitHub\ProyectoCGA\external\glm\glm\fwd.hpp(418): message : vea la declaración de 'glm::vec<3,float,glm::packed_highp>'
C:\Users\josed\Documents\GitHub\ProyectoCGA\CGALib\include\Headers\AbstractModel.h(266,12): warning C4251: 'AbstractModel::color': struct 'glm::vec<4,float,glm::packed_highp>' necesita tener una interfaz DLL para que la utilicen los clientes de class 'AbstractModel'
C:\Users\josed\Documents\GitHub\ProyectoCGA\external\glm\glm\fwd.hpp(419): message : vea la declaración de 'glm::vec<4,float,glm::packed_highp>'
C:\Users\josed\Documents\GitHub\ProyectoCGA\CGALib\include\Headers\AbstractModel.h(267,12): warning C4251: 'AbstractModel::orientation': struct 'glm::vec<3,float,glm::packed_highp>' necesita tener una interfaz DLL para que la utilicen los clientes de class 'AbstractModel'
C:\Users\josed\Documents\GitHub\ProyectoCGA\external\glm\glm\fwd.hpp(418): message : vea la declaración de 'glm::vec<3,float,glm::packed_highp>'
C:\Users\josed\Documents\GitHub\ProyectoCGA\CGALib\include\Headers\AbstractModel.h(269,22): warning C4251: 'AbstractModel::vertexArray': class 'std::vector<AbstractModel::Vertex,std::allocator<AbstractModel::Vertex>>' necesita tener una interfaz DLL para que la utilicen los clientes de class 'AbstractModel'
C:\Users\josed\Documents\GitHub\ProyectoCGA\CGALib\include\Headers\AbstractModel.h(245): message : vea la declaración de 'std::vector<AbstractModel::Vertex,std::allocator<AbstractModel::Vertex>>'
C:\Users\josed\Documents\GitHub\ProyectoCGA\CGALib\include\Headers\AbstractModel.h(270,22): warning C4251: 'AbstractModel::index': class 'std::vector<GLuint,std::allocator<GLuint>>' necesita tener una interfaz DLL para que la utilicen los clientes de class 'AbstractModel'
C:\Users\josed\Documents\GitHub\ProyectoCGA\CGALib\include\Headers\AbstractModel.h(270): message : vea la declaración de 'std::vector<GLuint,std::allocator<GLuint>>'
C:\Users\josed\Documents\GitHub\ProyectoCGA\CGALib\include\Headers\AbstractModel.h(271,7): warning C4251: 'AbstractModel::aabb': class 'AbstractModel::AABB' necesita tener una interfaz DLL para que la utilicen los clientes de class 'AbstractModel'
C:\Users\josed\Documents\GitHub\ProyectoCGA\CGALib\include\Headers\AbstractModel.h(65): message : vea la declaración de 'AbstractModel::AABB'
C:\Users\josed\Documents\GitHub\ProyectoCGA\CGALib\include\Headers\AbstractModel.h(272,6): warning C4251: 'AbstractModel::sbb': class 'AbstractModel::SBB' necesita tener una interfaz DLL para que la utilicen los clientes de class 'AbstractModel'
C:\Users\josed\Documents\GitHub\ProyectoCGA\CGALib\include\Headers\AbstractModel.h(51): message : vea la declaración de 'AbstractModel::SBB'
C:\Users\josed\Documents\GitHub\ProyectoCGA\CGALib\include\Headers\AbstractModel.h(273,6): warning C4251: 'AbstractModel::obb': class 'AbstractModel::OBB' necesita tener una interfaz DLL para que la utilicen los clientes de class 'AbstractModel'
C:\Users\josed\Documents\GitHub\ProyectoCGA\CGALib\include\Headers\AbstractModel.h(94): message : vea la declaración de 'AbstractModel::OBB'
C:\Users\josed\Documents\GitHub\ProyectoCGA\CGALib\include\Headers\AbstractModel.h(75,17): warning C4244: '=': conversión de 'double' a 'T'; posible pérdida de datos
          with
          [
              T=float
          ]
C:\Users\josed\Documents\GitHub\ProyectoCGA\CGALib\include\Headers\AbstractModel.h(76,17): warning C4244: '=': conversión de 'double' a 'T'; posible pérdida de datos
          with
          [
              T=float
          ]
C:\Users\josed\Documents\GitHub\ProyectoCGA\CGALib\include\Headers\AbstractModel.h(77,17): warning C4244: '=': conversión de 'double' a 'T'; posible pérdida de datos
          with
          [
              T=float
          ]
C:\Users\josed\Documents\GitHub\ProyectoCGA\CGALib\include\Headers\AbstractModel.h(78,17): warning C4244: '=': conversión de 'double' a 'T'; posible pérdida de datos
          with
          [
              T=float
          ]
C:\Users\josed\Documents\GitHub\ProyectoCGA\CGALib\include\Headers\AbstractModel.h(79,17): warning C4244: '=': conversión de 'double' a 'T'; posible pérdida de datos
          with
          [
              T=float
          ]
C:\Users\josed\Documents\GitHub\ProyectoCGA\CGALib\include\Headers\AbstractModel.h(80,17): warning C4244: '=': conversión de 'double' a 'T'; posible pérdida de datos
          with
          [
              T=float
          ]
C:\Users\josed\Documents\GitHub\ProyectoCGA\CGALib\include\Headers\Sphere.h(39,6): warning C4251: 'Sphere::sbb': class 'AbstractModel::SBB' necesita tener una interfaz DLL para que la utilicen los clientes de class 'Sphere'
C:\Users\josed\Documents\GitHub\ProyectoCGA\CGALib\include\Headers\AbstractModel.h(51): message : vea la declaración de 'AbstractModel::SBB'
C:\Users\josed\Documents\GitHub\ProyectoCGA\CGALib\src\Sphere.cpp(8,13): warning C4244: 'inicializando': conversión de 'double' a 'float'; posible pérdida de datos
C:\Users\josed\Documents\GitHub\ProyectoCGA\CGALib\src\Sphere.cpp(12,16): warning C4244: 'inicializando': conversión de 'double' a 'float'; posible pérdida de datos
  Terrain.cpp
C:\Users\josed\Documents\GitHub\ProyectoCGA\CGALib\include\Headers\AbstractModel.h(264,12): warning C4251: 'AbstractModel::position': struct 'glm::vec<3,float,glm::packed_highp>' necesita tener una interfaz DLL para que la utilicen los clientes de class 'AbstractModel'
C:\Users\josed\Documents\GitHub\ProyectoCGA\external\glm\glm\fwd.hpp(418): message : vea la declaración de 'glm::vec<3,float,glm::packed_highp>'
C:\Users\josed\Documents\GitHub\ProyectoCGA\CGALib\include\Headers\AbstractModel.h(265,12): warning C4251: 'AbstractModel::scale': struct 'glm::vec<3,float,glm::packed_highp>' necesita tener una interfaz DLL para que la utilicen los clientes de class 'AbstractModel'
C:\Users\josed\Documents\GitHub\ProyectoCGA\external\glm\glm\fwd.hpp(418): message : vea la declaración de 'glm::vec<3,float,glm::packed_highp>'
C:\Users\josed\Documents\GitHub\ProyectoCGA\CGALib\include\Headers\AbstractModel.h(266,12): warning C4251: 'AbstractModel::color': struct 'glm::vec<4,float,glm::packed_highp>' necesita tener una interfaz DLL para que la utilicen los clientes de class 'AbstractModel'
C:\Users\josed\Documents\GitHub\ProyectoCGA\external\glm\glm\fwd.hpp(419): message : vea la declaración de 'glm::vec<4,float,glm::packed_highp>'
C:\Users\josed\Documents\GitHub\ProyectoCGA\CGALib\include\Headers\AbstractModel.h(267,12): warning C4251: 'AbstractModel::orientation': struct 'glm::vec<3,float,glm::packed_highp>' necesita tener una interfaz DLL para que la utilicen los clientes de class 'AbstractModel'
C:\Users\josed\Documents\GitHub\ProyectoCGA\external\glm\glm\fwd.hpp(418): message : vea la declaración de 'glm::vec<3,float,glm::packed_highp>'
C:\Users\josed\Documents\GitHub\ProyectoCGA\CGALib\include\Headers\AbstractModel.h(269,22): warning C4251: 'AbstractModel::vertexArray': class 'std::vector<AbstractModel::Vertex,std::allocator<AbstractModel::Vertex>>' necesita tener una interfaz DLL para que la utilicen los clientes de class 'AbstractModel'
C:\Users\josed\Documents\GitHub\ProyectoCGA\CGALib\include\Headers\AbstractModel.h(245): message : vea la declaración de 'std::vector<AbstractModel::Vertex,std::allocator<AbstractModel::Vertex>>'
C:\Users\josed\Documents\GitHub\ProyectoCGA\CGALib\include\Headers\AbstractModel.h(270,22): warning C4251: 'AbstractModel::index': class 'std::vector<GLuint,std::allocator<GLuint>>' necesita tener una interfaz DLL para que la utilicen los clientes de class 'AbstractModel'
C:\Users\josed\Documents\GitHub\ProyectoCGA\CGALib\include\Headers\AbstractModel.h(270): message : vea la declaración de 'std::vector<GLuint,std::allocator<GLuint>>'
C:\Users\josed\Documents\GitHub\ProyectoCGA\CGALib\include\Headers\AbstractModel.h(271,7): warning C4251: 'AbstractModel::aabb': class 'AbstractModel::AABB' necesita tener una interfaz DLL para que la utilicen los clientes de class 'AbstractModel'
C:\Users\josed\Documents\GitHub\ProyectoCGA\CGALib\include\Headers\AbstractModel.h(65): message : vea la declaración de 'AbstractModel::AABB'
C:\Users\josed\Documents\GitHub\ProyectoCGA\CGALib\include\Headers\AbstractModel.h(272,6): warning C4251: 'AbstractModel::sbb': class 'AbstractModel::SBB' necesita tener una interfaz DLL para que la utilicen los clientes de class 'AbstractModel'
C:\Users\josed\Documents\GitHub\ProyectoCGA\CGALib\include\Headers\AbstractModel.h(51): message : vea la declaración de 'AbstractModel::SBB'
C:\Users\josed\Documents\GitHub\ProyectoCGA\CGALib\include\Headers\AbstractModel.h(273,6): warning C4251: 'AbstractModel::obb': class 'AbstractModel::OBB' necesita tener una interfaz DLL para que la utilicen los clientes de class 'AbstractModel'
C:\Users\josed\Documents\GitHub\ProyectoCGA\CGALib\include\Headers\AbstractModel.h(94): message : vea la declaración de 'AbstractModel::OBB'
C:\Users\josed\Documents\GitHub\ProyectoCGA\CGALib\include\Headers\AbstractModel.h(75,17): warning C4244: '=': conversión de 'double' a 'T'; posible pérdida de datos
          with
          [
              T=float
          ]
C:\Users\josed\Documents\GitHub\ProyectoCGA\CGALib\include\Headers\AbstractModel.h(76,17): warning C4244: '=': conversión de 'double' a 'T'; posible pérdida de datos
          with
          [
              T=float
          ]
C:\Users\josed\Documents\GitHub\ProyectoCGA\CGALib\include\Headers\AbstractModel.h(77,17): warning C4244: '=': conversión de 'double' a 'T'; posible pérdida de datos
          with
          [
              T=float
          ]
C:\Users\josed\Documents\GitHub\ProyectoCGA\CGALib\include\Headers\AbstractModel.h(78,17): warning C4244: '=': conversión de 'double' a 'T'; posible pérdida de datos
          with
          [
              T=float
          ]
C:\Users\josed\Documents\GitHub\ProyectoCGA\CGALib\include\Headers\AbstractModel.h(79,17): warning C4244: '=': conversión de 'double' a 'T'; posible pérdida de datos
          with
          [
              T=float
          ]
C:\Users\josed\Documents\GitHub\ProyectoCGA\CGALib\include\Headers\AbstractModel.h(80,17): warning C4244: '=': conversión de 'double' a 'T'; posible pérdida de datos
          with
          [
              T=float
          ]
C:\Users\josed\Documents\GitHub\ProyectoCGA\CGALib\include\Headers\Texture.h(66,14): warning C4251: 'Texture::m_fileName': class 'std::basic_string<char,std::char_traits<char>,std::allocator<char>>' necesita tener una interfaz DLL para que la utilicen los clientes de class 'Texture'
C:\Program Files (x86)\Microsoft Visual Studio\2019\Community\VC\Tools\MSVC\14.29.30133\include\xstring(4871): message : vea la declaración de 'std::basic_string<char,std::char_traits<char>,std::allocator<char>>'
C:\Users\josed\Documents\GitHub\ProyectoCGA\CGALib\include\Headers\Texture.h(69,14): warning C4251: 'Texture::type': class 'std::basic_string<char,std::char_traits<char>,std::allocator<char>>' necesita tener una interfaz DLL para que la utilicen los clientes de class 'Texture'
C:\Program Files (x86)\Microsoft Visual Studio\2019\Community\VC\Tools\MSVC\14.29.30133\include\xstring(4871): message : vea la declaración de 'std::basic_string<char,std::char_traits<char>,std::allocator<char>>'
C:\Users\josed\Documents\GitHub\ProyectoCGA\CGALib\include\Headers\Terrain.h(50,14): warning C4251: 'Terrain::heightMap': class 'std::basic_string<char,std::char_traits<char>,std::allocator<char>>' necesita tener una interfaz DLL para que la utilicen los clientes de class 'Terrain'
C:\Program Files (x86)\Microsoft Visual Studio\2019\Community\VC\Tools\MSVC\14.29.30133\include\xstring(4871): message : vea la declaración de 'std::basic_string<char,std::char_traits<char>,std::allocator<char>>'
C:\Users\josed\Documents\GitHub\ProyectoCGA\CGALib\src\Terrain.cpp(113,12): warning C4244: 'inicializando': conversión de 'float' a 'int'; posible pérdida de datos
C:\Users\josed\Documents\GitHub\ProyectoCGA\CGALib\src\Terrain.cpp(114,12): warning C4244: 'inicializando': conversión de 'float' a 'int'; posible pérdida de datos
C:\Users\josed\Documents\GitHub\ProyectoCGA\CGALib\src\Terrain.cpp(139,12): warning C4244: 'inicializando': conversión de 'float' a 'int'; posible pérdida de datos
C:\Users\josed\Documents\GitHub\ProyectoCGA\CGALib\src\Terrain.cpp(140,12): warning C4244: 'inicializando': conversión de 'float' a 'int'; posible pérdida de datos
  Texture.cpp
C:\Users\josed\Documents\GitHub\ProyectoCGA\CGALib\include\Headers\Texture.h(66,14): warning C4251: 'Texture::m_fileName': class 'std::basic_string<char,std::char_traits<char>,std::allocator<char>>' necesita tener una interfaz DLL para que la utilicen los clientes de class 'Texture'
C:\Program Files (x86)\Microsoft Visual Studio\2019\Community\VC\Tools\MSVC\14.29.30133\include\xstring(4871): message : vea la declaración de 'std::basic_string<char,std::char_traits<char>,std::allocator<char>>'
C:\Users\josed\Documents\GitHub\ProyectoCGA\CGALib\include\Headers\Texture.h(69,14): warning C4251: 'Texture::type': class 'std::basic_string<char,std::char_traits<char>,std::allocator<char>>' necesita tener una interfaz DLL para que la utilicen los clientes de class 'Texture'
C:\Program Files (x86)\Microsoft Visual Studio\2019\Community\VC\Tools\MSVC\14.29.30133\include\xstring(4871): message : vea la declaración de 'std::basic_string<char,std::char_traits<char>,std::allocator<char>>'
  ThirdPersonCamera.cpp
C:\Users\josed\Documents\GitHub\ProyectoCGA\CGALib\include\Headers\Camera.h(111,12): warning C4251: 'Camera::position': struct 'glm::vec<3,float,glm::packed_highp>' necesita tener una interfaz DLL para que la utilicen los clientes de class 'Camera'
C:\Users\josed\Documents\GitHub\ProyectoCGA\external\glm\glm\fwd.hpp(418): message : vea la declaración de 'glm::vec<3,float,glm::packed_highp>'
C:\Users\josed\Documents\GitHub\ProyectoCGA\CGALib\include\Headers\Camera.h(112,12): warning C4251: 'Camera::front': struct 'glm::vec<3,float,glm::packed_highp>' necesita tener una interfaz DLL para que la utilicen los clientes de class 'Camera'
C:\Users\josed\Documents\GitHub\ProyectoCGA\external\glm\glm\fwd.hpp(418): message : vea la declaración de 'glm::vec<3,float,glm::packed_highp>'
C:\Users\josed\Documents\GitHub\ProyectoCGA\CGALib\include\Headers\Camera.h(113,12): warning C4251: 'Camera::up': struct 'glm::vec<3,float,glm::packed_highp>' necesita tener una interfaz DLL para que la utilicen los clientes de class 'Camera'
C:\Users\josed\Documents\GitHub\ProyectoCGA\external\glm\glm\fwd.hpp(418): message : vea la declaración de 'glm::vec<3,float,glm::packed_highp>'
C:\Users\josed\Documents\GitHub\ProyectoCGA\CGALib\include\Headers\Camera.h(114,12): warning C4251: 'Camera::right': struct 'glm::vec<3,float,glm::packed_highp>' necesita tener una interfaz DLL para que la utilicen los clientes de class 'Camera'
C:\Users\josed\Documents\GitHub\ProyectoCGA\external\glm\glm\fwd.hpp(418): message : vea la declaración de 'glm::vec<3,float,glm::packed_highp>'
C:\Users\josed\Documents\GitHub\ProyectoCGA\CGALib\include\Headers\Camera.h(115,12): warning C4251: 'Camera::worldUp': struct 'glm::vec<3,float,glm::packed_highp>' necesita tener una interfaz DLL para que la utilicen los clientes de class 'Camera'
C:\Users\josed\Documents\GitHub\ProyectoCGA\external\glm\glm\fwd.hpp(418): message : vea la declaración de 'glm::vec<3,float,glm::packed_highp>'
C:\Users\josed\Documents\GitHub\ProyectoCGA\CGALib\include\Headers\Camera.h(117,12): warning C4251: 'Camera::cameraTarget': struct 'glm::vec<3,float,glm::packed_highp>' necesita tener una interfaz DLL para que la utilicen los clientes de class 'Camera'
C:\Users\josed\Documents\GitHub\ProyectoCGA\external\glm\glm\fwd.hpp(418): message : vea la declaración de 'glm::vec<3,float,glm::packed_highp>'
C:\Users\josed\Documents\GitHub\ProyectoCGA\CGALib\src\ThirdPersonCamera.cpp(23,32): warning C4305: '=': truncamiento de 'double' a 'float'
C:\Users\josed\Documents\GitHub\ProyectoCGA\CGALib\src\ThirdPersonCamera.cpp(25,33): warning C4305: '=': truncamiento de 'double' a 'float'
  TimeManager.cpp
     Creando biblioteca C:\Users\josed\Documents\GitHub\ProyectoCGA\Release\CGALib.lib y objeto C:\Users\josed\Documents\GitHub\ProyectoCGA\Release\CGALib.exp
  Generando código
  Previous IPDB not found, fall back to full compilation.
  All 1341 functions were compiled because no usable IPDB/IOBJ from previous compilation was found.
  Generación de código finalizada
  CGALib.vcxproj -> C:\Users\josed\Documents\GitHub\ProyectoCGA\Release\CGALib.dll
