c:\users\pecer\computaciongraficaavanzada\release\cgalib.lib
c:\users\pecer\computaciongraficaavanzada\release\cgalib.exp
c:\users\pecer\computaciongraficaavanzada\release\cgalib.ipdb
c:\users\pecer\computaciongraficaavanzada\release\cgalib.iobj
c:\users\pecer\computaciongraficaavanzada\cgalib\release\vc141.pdb
c:\users\pecer\computaciongraficaavanzada\cgalib\release\timemanager.obj
c:\users\pecer\computaciongraficaavanzada\cgalib\release\thirdpersoncamera.obj
c:\users\pecer\computaciongraficaavanzada\cgalib\release\texture.obj
c:\users\pecer\computaciongraficaavanzada\cgalib\release\terrain.obj
c:\users\pecer\computaciongraficaavanzada\cgalib\release\sphere.obj
c:\users\pecer\computaciongraficaavanzada\cgalib\release\shadowbox.obj
c:\users\pecer\computaciongraficaavanzada\cgalib\release\shader.obj
c:\users\pecer\computaciongraficaavanzada\cgalib\release\model.obj
c:\users\pecer\computaciongraficaavanzada\cgalib\release\mesh.obj
c:\users\pecer\computaciongraficaavanzada\cgalib\release\fonttyperendering.obj
c:\users\pecer\computaciongraficaavanzada\cgalib\release\firstpersoncamera.obj
c:\users\pecer\computaciongraficaavanzada\cgalib\release\cylinder.obj
c:\users\pecer\computaciongraficaavanzada\cgalib\release\box.obj
c:\users\pecer\computaciongraficaavanzada\cgalib\release\bones.obj
c:\users\pecer\computaciongraficaavanzada\release\cgalib.dll
c:\users\pecer\computaciongraficaavanzada\release\cgalib.pdb
c:\users\pecer\computaciongraficaavanzada\cgalib\release\cgalib.tlog\cgalib.write.1u.tlog
c:\users\pecer\computaciongraficaavanzada\cgalib\release\cgalib.tlog\cl.command.1.tlog
c:\users\pecer\computaciongraficaavanzada\cgalib\release\cgalib.tlog\cl.read.1.tlog
c:\users\pecer\computaciongraficaavanzada\cgalib\release\cgalib.tlog\cl.write.1.tlog
c:\users\pecer\computaciongraficaavanzada\cgalib\release\cgalib.tlog\link.command.1.tlog
c:\users\pecer\computaciongraficaavanzada\cgalib\release\cgalib.tlog\link.read.1.tlog
c:\users\pecer\computaciongraficaavanzada\cgalib\release\cgalib.tlog\link.write.1.tlog
