  main.cpp
d:\repos\proyectocga\cgalib\include\headers\abstractmodel.h(264): warning C4251: 'AbstractModel::position': struct 'glm::vec<3,float,0>' necesita tener una interfaz DLL para que la utilicen los clientes de class 'AbstractModel'
  d:\repos\proyectocga\external\glm\glm\fwd.hpp(418): note: vea la declaración de 'glm::vec<3,float,0>'
d:\repos\proyectocga\cgalib\include\headers\abstractmodel.h(265): warning C4251: 'AbstractModel::scale': struct 'glm::vec<3,float,0>' necesita tener una interfaz DLL para que la utilicen los clientes de class 'AbstractModel'
  d:\repos\proyectocga\external\glm\glm\fwd.hpp(418): note: vea la declaración de 'glm::vec<3,float,0>'
d:\repos\proyectocga\cgalib\include\headers\abstractmodel.h(266): warning C4251: 'AbstractModel::color': struct 'glm::vec<4,float,0>' necesita tener una interfaz DLL para que la utilicen los clientes de class 'AbstractModel'
  d:\repos\proyectocga\external\glm\glm\fwd.hpp(419): note: vea la declaración de 'glm::vec<4,float,0>'
d:\repos\proyectocga\cgalib\include\headers\abstractmodel.h(267): warning C4251: 'AbstractModel::orientation': struct 'glm::vec<3,float,0>' necesita tener una interfaz DLL para que la utilicen los clientes de class 'AbstractModel'
  d:\repos\proyectocga\external\glm\glm\fwd.hpp(418): note: vea la declaración de 'glm::vec<3,float,0>'
d:\repos\proyectocga\cgalib\include\headers\abstractmodel.h(269): warning C4251: 'AbstractModel::vertexArray': class 'std::vector<AbstractModel::Vertex,std::allocator<_Ty>>' necesita tener una interfaz DLL para que la utilicen los clientes de class 'AbstractModel'
          with
          [
              _Ty=AbstractModel::Vertex
          ]
  d:\repos\proyectocga\cgalib\include\headers\abstractmodel.h(245): note: vea la declaración de 'std::vector<AbstractModel::Vertex,std::allocator<_Ty>>'
          with
          [
              _Ty=AbstractModel::Vertex
          ]
d:\repos\proyectocga\cgalib\include\headers\abstractmodel.h(270): warning C4251: 'AbstractModel::index': class 'std::vector<std::seed_seq::result_type,std::allocator<_Ty>>' necesita tener una interfaz DLL para que la utilicen los clientes de class 'AbstractModel'
          with
          [
              _Ty=std::seed_seq::result_type
          ]
  c:\program files (x86)\microsoft visual studio\2017\community\vc\tools\msvc\14.16.27023\include\random(261): note: vea la declaración de 'std::vector<std::seed_seq::result_type,std::allocator<_Ty>>'
          with
          [
              _Ty=std::seed_seq::result_type
          ]
d:\repos\proyectocga\cgalib\include\headers\abstractmodel.h(271): warning C4251: 'AbstractModel::aabb': class 'AbstractModel::AABB' necesita tener una interfaz DLL para que la utilicen los clientes de class 'AbstractModel'
  d:\repos\proyectocga\cgalib\include\headers\abstractmodel.h(65): note: vea la declaración de 'AbstractModel::AABB'
d:\repos\proyectocga\cgalib\include\headers\abstractmodel.h(272): warning C4251: 'AbstractModel::sbb': class 'AbstractModel::SBB' necesita tener una interfaz DLL para que la utilicen los clientes de class 'AbstractModel'
  d:\repos\proyectocga\cgalib\include\headers\abstractmodel.h(51): note: vea la declaración de 'AbstractModel::SBB'
d:\repos\proyectocga\cgalib\include\headers\abstractmodel.h(273): warning C4251: 'AbstractModel::obb': class 'AbstractModel::OBB' necesita tener una interfaz DLL para que la utilicen los clientes de class 'AbstractModel'
  d:\repos\proyectocga\cgalib\include\headers\abstractmodel.h(94): note: vea la declaración de 'AbstractModel::OBB'
d:\repos\proyectocga\cgalib\include\headers\abstractmodel.h(75): warning C4244: '=': conversión de 'double' a 'T'; posible pérdida de datos
          with
          [
              T=float
          ]
d:\repos\proyectocga\cgalib\include\headers\abstractmodel.h(76): warning C4244: '=': conversión de 'double' a 'T'; posible pérdida de datos
          with
          [
              T=float
          ]
d:\repos\proyectocga\cgalib\include\headers\abstractmodel.h(77): warning C4244: '=': conversión de 'double' a 'T'; posible pérdida de datos
          with
          [
              T=float
          ]
d:\repos\proyectocga\cgalib\include\headers\abstractmodel.h(78): warning C4244: '=': conversión de 'double' a 'T'; posible pérdida de datos
          with
          [
              T=float
          ]
d:\repos\proyectocga\cgalib\include\headers\abstractmodel.h(79): warning C4244: '=': conversión de 'double' a 'T'; posible pérdida de datos
          with
          [
              T=float
          ]
d:\repos\proyectocga\cgalib\include\headers\abstractmodel.h(80): warning C4244: '=': conversión de 'double' a 'T'; posible pérdida de datos
          with
          [
              T=float
          ]
d:\repos\proyectocga\cgalib\include\headers\sphere.h(39): warning C4251: 'Sphere::sbb': class 'AbstractModel::SBB' necesita tener una interfaz DLL para que la utilicen los clientes de class 'Sphere'
  d:\repos\proyectocga\cgalib\include\headers\abstractmodel.h(51): note: vea la declaración de 'AbstractModel::SBB'
d:\repos\proyectocga\cgalib\include\headers\box.h(37): warning C4251: 'Box::aabb': class 'AbstractModel::AABB' necesita tener una interfaz DLL para que la utilicen los clientes de class 'Box'
  d:\repos\proyectocga\cgalib\include\headers\abstractmodel.h(65): note: vea la declaración de 'AbstractModel::AABB'
d:\repos\proyectocga\cgalib\include\headers\camera.h(111): warning C4251: 'Camera::position': struct 'glm::vec<3,float,0>' necesita tener una interfaz DLL para que la utilicen los clientes de class 'Camera'
  d:\repos\proyectocga\external\glm\glm\fwd.hpp(418): note: vea la declaración de 'glm::vec<3,float,0>'
d:\repos\proyectocga\cgalib\include\headers\camera.h(112): warning C4251: 'Camera::front': struct 'glm::vec<3,float,0>' necesita tener una interfaz DLL para que la utilicen los clientes de class 'Camera'
  d:\repos\proyectocga\external\glm\glm\fwd.hpp(418): note: vea la declaración de 'glm::vec<3,float,0>'
d:\repos\proyectocga\cgalib\include\headers\camera.h(113): warning C4251: 'Camera::up': struct 'glm::vec<3,float,0>' necesita tener una interfaz DLL para que la utilicen los clientes de class 'Camera'
  d:\repos\proyectocga\external\glm\glm\fwd.hpp(418): note: vea la declaración de 'glm::vec<3,float,0>'
d:\repos\proyectocga\cgalib\include\headers\camera.h(114): warning C4251: 'Camera::right': struct 'glm::vec<3,float,0>' necesita tener una interfaz DLL para que la utilicen los clientes de class 'Camera'
  d:\repos\proyectocga\external\glm\glm\fwd.hpp(418): note: vea la declaración de 'glm::vec<3,float,0>'
d:\repos\proyectocga\cgalib\include\headers\camera.h(115): warning C4251: 'Camera::worldUp': struct 'glm::vec<3,float,0>' necesita tener una interfaz DLL para que la utilicen los clientes de class 'Camera'
  d:\repos\proyectocga\external\glm\glm\fwd.hpp(418): note: vea la declaración de 'glm::vec<3,float,0>'
d:\repos\proyectocga\cgalib\include\headers\camera.h(117): warning C4251: 'Camera::cameraTarget': struct 'glm::vec<3,float,0>' necesita tener una interfaz DLL para que la utilicen los clientes de class 'Camera'
  d:\repos\proyectocga\external\glm\glm\fwd.hpp(418): note: vea la declaración de 'glm::vec<3,float,0>'
d:\repos\proyectocga\cgalib\include\headers\texture.h(66): warning C4251: 'Texture::m_fileName': class 'std::basic_string<char,std::char_traits<char>,std::allocator<char>>' necesita tener una interfaz DLL para que la utilicen los clientes de class 'Texture'
  c:\program files (x86)\microsoft visual studio\2017\community\vc\tools\msvc\14.16.27023\include\xstring(4373): note: vea la declaración de 'std::basic_string<char,std::char_traits<char>,std::allocator<char>>'
d:\repos\proyectocga\cgalib\include\headers\texture.h(69): warning C4251: 'Texture::type': class 'std::basic_string<char,std::char_traits<char>,std::allocator<char>>' necesita tener una interfaz DLL para que la utilicen los clientes de class 'Texture'
  c:\program files (x86)\microsoft visual studio\2017\community\vc\tools\msvc\14.16.27023\include\xstring(4373): note: vea la declaración de 'std::basic_string<char,std::char_traits<char>,std::allocator<char>>'
d:\repos\proyectocga\cgalib\include\headers\bones.h(111): warning C4251: 'Bones::m_BoneMapping': class 'std::map<std::string,unsigned int,std::less<_Kty>,std::allocator<std::pair<const _Kty,_Ty>>>' necesita tener una interfaz DLL para que la utilicen los clientes de class 'Bones'
          with
          [
              _Kty=std::string,
              _Ty=unsigned int
          ]
  d:\repos\proyectocga\cgalib\include\headers\bones.h(111): note: vea la declaración de 'std::map<std::string,unsigned int,std::less<_Kty>,std::allocator<std::pair<const _Kty,_Ty>>>'
          with
          [
              _Kty=std::string,
              _Ty=unsigned int
          ]
d:\repos\proyectocga\cgalib\include\headers\bones.h(112): warning C4251: 'Bones::m_BoneInfo': class 'std::vector<Bones::BoneInfo,std::allocator<_Ty>>' necesita tener una interfaz DLL para que la utilicen los clientes de class 'Bones'
          with
          [
              _Ty=Bones::BoneInfo
          ]
  d:\repos\proyectocga\cgalib\include\headers\bones.h(112): note: vea la declaración de 'std::vector<Bones::BoneInfo,std::allocator<_Ty>>'
          with
          [
              _Ty=Bones::BoneInfo
          ]
d:\repos\proyectocga\cgalib\include\headers\bones.h(113): warning C4251: 'Bones::bones': class 'std::vector<Bones::VertexBoneData,std::allocator<_Ty>>' necesita tener una interfaz DLL para que la utilicen los clientes de class 'Bones'
          with
          [
              _Ty=Bones::VertexBoneData
          ]
  d:\repos\proyectocga\cgalib\include\headers\bones.h(113): note: vea la declaración de 'std::vector<Bones::VertexBoneData,std::allocator<_Ty>>'
          with
          [
              _Ty=Bones::VertexBoneData
          ]
d:\repos\proyectocga\cgalib\include\headers\mesh.h(54): warning C4251: 'Mesh::textures': class 'std::vector<Texture *,std::allocator<_Ty>>' necesita tener una interfaz DLL para que la utilicen los clientes de class 'Mesh'
          with
          [
              _Ty=Texture *
          ]
  d:\repos\proyectocga\cgalib\include\headers\mesh.h(54): note: vea la declaración de 'std::vector<Texture *,std::allocator<_Ty>>'
          with
          [
              _Ty=Texture *
          ]
d:\repos\proyectocga\cgalib\include\headers\model.h(66): warning C4251: 'Model::meshes': class 'std::vector<Mesh *,std::allocator<_Ty>>' necesita tener una interfaz DLL para que la utilicen los clientes de class 'Model'
          with
          [
              _Ty=Mesh *
          ]
  d:\repos\proyectocga\cgalib\include\headers\model.h(50): note: vea la declaración de 'std::vector<Mesh *,std::allocator<_Ty>>'
          with
          [
              _Ty=Mesh *
          ]
d:\repos\proyectocga\cgalib\include\headers\model.h(67): warning C4251: 'Model::textureLoaded': class 'std::vector<Texture *,std::allocator<_Ty>>' necesita tener una interfaz DLL para que la utilicen los clientes de class 'Model'
          with
          [
              _Ty=Texture *
          ]
  d:\repos\proyectocga\cgalib\include\headers\mesh.h(54): note: vea la declaración de 'std::vector<Texture *,std::allocator<_Ty>>'
          with
          [
              _Ty=Texture *
          ]
d:\repos\proyectocga\cgalib\include\headers\model.h(68): warning C4251: 'Model::directory': class 'std::basic_string<char,std::char_traits<char>,std::allocator<char>>' necesita tener una interfaz DLL para que la utilicen los clientes de class 'Model'
  c:\program files (x86)\microsoft visual studio\2017\community\vc\tools\msvc\14.16.27023\include\xstring(4373): note: vea la declaración de 'std::basic_string<char,std::char_traits<char>,std::allocator<char>>'
d:\repos\proyectocga\cgalib\include\headers\model.h(70): warning C4251: 'Model::m_GlobalInverseTransform': struct 'glm::mat<4,4,glm::f32,0>' necesita tener una interfaz DLL para que la utilicen los clientes de class 'Model'
  d:\repos\proyectocga\external\glm\glm\fwd.hpp(518): note: vea la declaración de 'glm::mat<4,4,glm::f32,0>'
d:\repos\proyectocga\cgalib\include\headers\model.h(72): warning C4251: 'Model::importer': class 'Assimp::Importer' necesita tener una interfaz DLL para que la utilicen los clientes de class 'Model'
  d:\repos\proyectocga\external\assimp\include\assimp\importer.hpp(115): note: vea la declaración de 'Assimp::Importer'
d:\repos\proyectocga\cgalib\include\headers\terrain.h(50): warning C4251: 'Terrain::heightMap': class 'std::basic_string<char,std::char_traits<char>,std::allocator<char>>' necesita tener una interfaz DLL para que la utilicen los clientes de class 'Terrain'
  c:\program files (x86)\microsoft visual studio\2017\community\vc\tools\msvc\14.16.27023\include\xstring(4373): note: vea la declaración de 'std::basic_string<char,std::char_traits<char>,std::allocator<char>>'
d:\repos\proyectocga\cgalib\include\headers\animationutils.h(57): warning C4273: 'matToString': vinculación de DLL incoherente
  d:\repos\proyectocga\cgalib\include\headers\animationutils.h(45): note: vea la definición anterior de 'matToString'
d:\repos\proyectocga\cgalib\include\headers\animationutils.h(69): warning C4273: 'appendFrame': vinculación de DLL incoherente
  d:\repos\proyectocga\cgalib\include\headers\animationutils.h(46): note: vea la definición anterior de 'appendFrame'
d:\repos\proyectocga\cgalib\include\headers\animationutils.h(78): warning C4273: 'appendFrame': vinculación de DLL incoherente
  d:\repos\proyectocga\cgalib\include\headers\animationutils.h(48): note: vea la definición anterior de 'appendFrame'
d:\repos\proyectocga\cgalib\include\headers\animationutils.h(86): warning C4273: 'getKeyFrames': vinculación de DLL incoherente
  d:\repos\proyectocga\cgalib\include\headers\animationutils.h(50): note: vea la definición anterior de 'getKeyFrames'
d:\repos\proyectocga\cgalib\include\headers\animationutils.h(112): warning C4244: '=': conversión de 'double' a 'float'; posible pérdida de datos
d:\repos\proyectocga\cgalib\include\headers\animationutils.h(128): warning C4244: '=': conversión de 'double' a 'float'; posible pérdida de datos
d:\repos\proyectocga\cgalib\include\headers\animationutils.h(138): warning C4273: 'getKeyRotFrames': vinculación de DLL incoherente
  d:\repos\proyectocga\cgalib\include\headers\animationutils.h(51): note: vea la definición anterior de 'getKeyRotFrames'
d:\repos\proyectocga\cgalib\include\headers\animationutils.h(153): warning C4244: 'inicializando': conversión de 'double' a 'float'; posible pérdida de datos
d:\repos\proyectocga\cgalib\include\headers\animationutils.h(163): warning C4273: 'interpolate': vinculación de DLL incoherente
  d:\repos\proyectocga\cgalib\include\headers\animationutils.h(52): note: vea la definición anterior de 'interpolate'
d:\repos\proyectocga\cgalib\include\headers\animationutils.h(184): warning C4273: 'interpolate': vinculación de DLL incoherente
  d:\repos\proyectocga\cgalib\include\headers\animationutils.h(54): note: vea la definición anterior de 'interpolate'
d:\repos\proyectocga\cgalib\include\headers\colisiones.h(136): warning C4305: 'inicializando': truncamiento de 'double' a 'float'
d:\repos\proyectocga\14-openal\src\main.cpp(52): error C2059: error de sintaxis: '<<'
d:\repos\proyectocga\14-openal\src\main.cpp(384): error C2065: 'screenWidth': identificador no declarado
d:\repos\proyectocga\14-openal\src\main.cpp(424): error C2065: 'screenWidth': identificador no declarado
d:\repos\proyectocga\14-openal\src\main.cpp(883): warning C4018: '<': no coinciden signed/unsigned
d:\repos\proyectocga\14-openal\src\main.cpp(1083): error C2065: 'screenWidth': identificador no declarado
d:\repos\proyectocga\14-openal\src\main.cpp(1100): warning C4244: '=': conversión de 'double' a 'int'; posible pérdida de datos
d:\repos\proyectocga\14-openal\src\main.cpp(1101): warning C4244: '=': conversión de 'double' a 'int'; posible pérdida de datos
d:\repos\proyectocga\14-openal\src\main.cpp(1102): warning C4244: '=': conversión de 'double' a 'int'; posible pérdida de datos
d:\repos\proyectocga\14-openal\src\main.cpp(1103): warning C4244: '=': conversión de 'double' a 'int'; posible pérdida de datos
d:\repos\proyectocga\14-openal\src\main.cpp(1107): warning C4244: '-=': conversión de 'double' a 'float'; posible pérdida de datos
d:\repos\proyectocga\14-openal\src\main.cpp(1136): warning C4244: 'argumento': conversión de 'double' a 'float'; posible pérdida de datos
d:\repos\proyectocga\14-openal\src\main.cpp(1136): warning C4244: 'argumento': conversión de 'int' a 'float'; posible pérdida de datos
d:\repos\proyectocga\14-openal\src\main.cpp(1138): warning C4244: 'argumento': conversión de 'double' a 'float'; posible pérdida de datos
d:\repos\proyectocga\14-openal\src\main.cpp(1138): warning C4244: 'argumento': conversión de 'int' a 'float'; posible pérdida de datos
d:\repos\proyectocga\14-openal\src\main.cpp(1151): error C2065: 'screenWidth': identificador no declarado
d:\repos\proyectocga\14-openal\src\main.cpp(1151): error C2672: 'glm::perspective': no se encontró una función sobrecargada que coincida
d:\repos\proyectocga\14-openal\src\main.cpp(1151): error C2780: 'glm::mat<4,4,T,0> glm::perspective(T,T,T,T)': se esperan 4 argumentos; 3 proporcionados
  d:\repos\proyectocga\external\glm\glm\ext\matrix_clip_space.hpp(332): note: vea la declaración de 'glm::perspective'
d:\repos\proyectocga\14-openal\src\main.cpp(1152): error C2065: 'screenWidth': identificador no declarado
d:\repos\proyectocga\14-openal\src\main.cpp(1209): error C2065: 'screenWidth': identificador no declarado
d:\repos\proyectocga\14-openal\src\main.cpp(1208): error C2672: 'glm::perspective': no se encontró una función sobrecargada que coincida
d:\repos\proyectocga\14-openal\src\main.cpp(1209): error C2780: 'glm::mat<4,4,T,0> glm::perspective(T,T,T,T)': se esperan 4 argumentos; 3 proporcionados
  d:\repos\proyectocga\external\glm\glm\ext\matrix_clip_space.hpp(332): note: vea la declaración de 'glm::perspective'
d:\repos\proyectocga\14-openal\src\main.cpp(1321): error C2065: 'screenWidth': identificador no declarado
d:\repos\proyectocga\14-openal\src\main.cpp(1683): warning C4244: '=': conversión de 'double' a 'T'; posible pérdida de datos
          with
          [
              T=float
          ]
d:\repos\proyectocga\14-openal\src\main.cpp(1717): warning C4244: 'argumento': conversión de 'double' a 'float'; posible pérdida de datos
d:\repos\proyectocga\14-openal\src\main.cpp(1718): warning C4244: 'argumento': conversión de 'double' a 'float'; posible pérdida de datos
